{"ts":1757130035795,"action":"PROJECT_OPENED","tags":{"PROJECT_NAME":"bilibili-dideng"}}
{"ts":1757130037646,"action":"FILE_OPENED","file":"/API/info.json","tags":{"FILE_LINE_OF_CODE":"126"}}
{"ts":1757130113463,"action":"FILE_CLOSED","file":"/API/info.json","tags":{"FILE_LINE_OF_CODE":"127"}}
{"ts":1757130113463,"action":"FILE_OPENED","file":"/API/a.ps.s","tags":{"FILE_LINE_OF_CODE":"0"}}
{"ts":1757130124349,"action":"FILE_CLOSED","file":"/API/a.ps.s","tags":{"FILE_LINE_OF_CODE":"0"}}
{"ts":1757130124349,"action":"FILE_OPENED","file":"/API/info.json","tags":{"FILE_LINE_OF_CODE":"127"}}
{"ts":1757130172699,"action":"FILE_CLOSED","file":"/API/info.json","tags":{"FILE_LINE_OF_CODE":"127"}}
{"ts":1757130172699,"action":"FILE_OPENED","file":"/API/info.json","tags":{"FILE_LINE_OF_CODE":"null"}}
{"ts":1757130177704,"action":"FILE_CLOSED","file":"/API/info.json","tags":{"FILE_LINE_OF_CODE":"null"}}
{"ts":1757130177704,"action":"FILE_OPENED","file":"/API/info.json","tags":{"FILE_LINE_OF_CODE":"127"}}
{"ts":1757130292579,"action":"FILE_CLOSED","file":"/API/info.json","tags":{"FILE_LINE_OF_CODE":"127"}}
{"ts":1757130292579,"action":"FILE_OPENED","file":"/API/cpas.json5","tags":{"FILE_LINE_OF_CODE":"0"}}
{"ts":1757130315391,"action":"FILE_CLOSED","file":"/API/cpas.json5","tags":{"FILE_LINE_OF_CODE":"0"}}
{"ts":1757130315391,"action":"FILE_OPENED","file":"/API/info.json","tags":{"FILE_LINE_OF_CODE":"127"}}
{"ts":1757130456472,"action":"IDE_DEACTIVATED"}
{"ts":1757130500222,"action":"IDE_ACTIVATED"}
{"ts":1757130500805,"action":"IDE_DEACTIVATED"}
{"ts":1757130501017,"action":"IDE_ACTIVATED"}
{"ts":1757130501822,"action":"IDE_DEACTIVATED"}
{"ts":1757130502224,"action":"IDE_ACTIVATED"}
{"ts":1757130504129,"action":"IDE_DEACTIVATED"}
{"ts":1757130516935,"action":"IDE_ACTIVATED"}
{"ts":1757130518693,"action":"FILE_CLOSED","file":"/API/info.json","tags":{"FILE_LINE_OF_CODE":"1"}}
{"ts":1757130518693,"action":"FILE_OPENED","file":"/API/cpas.json5","tags":{"FILE_LINE_OF_CODE":"0"}}
{"ts":1757130520063,"action":"FILE_CLOSED","file":"/API/cpas.json5","tags":{"FILE_LINE_OF_CODE":"0"}}
{"ts":1757130520063,"action":"FILE_OPENED","file":"/API/info.json","tags":{"FILE_LINE_OF_CODE":"1"}}
{"ts":1757130527452,"action":"PROJECT_CLOSED","tags":{"PROJECT_NAME":"bilibili-dideng"}}
{"ts":1757130643707,"action":"FILE_OPENED","file":"/API/info.json","tags":{"FILE_LINE_OF_CODE":"1"}}
{"ts":1757130644644,"action":"PROJECT_OPENED","tags":{"PROJECT_NAME":"bilibili-dideng"}}
{"ts":1757130676488,"action":"IDE_DEACTIVATED"}
{"ts":1757130682412,"action":"IDE_ACTIVATED"}
{"ts":1757130722669,"action":"IDE_DEACTIVATED"}
{"ts":1757130732795,"action":"IDE_ACTIVATED"}
{"ts":1757130738787,"action":"IDE_DEACTIVATED"}
{"ts":1757130797460,"action":"IDE_ACTIVATED"}
{"ts":1757130800819,"action":"IDE_DEACTIVATED"}
{"ts":1757130824175,"action":"IDE_ACTIVATED"}
{"ts":1757130829549,"action":"FILE_CLOSED","file":"/API/info.json","tags":{"FILE_LINE_OF_CODE":"127"}}
{"ts":1757130840631,"action":"IDE_DEACTIVATED"}
{"ts":1757130841171,"action":"IDE_ACTIVATED"}
{"ts":1757130844209,"action":"FILE_OPENED","file":"/API/info.json","tags":{"FILE_LINE_OF_CODE":"127"}}
{"ts":1757131110109,"action":"IDE_DEACTIVATED"}
{"ts":1757131111495,"action":"IDE_ACTIVATED"}
{"ts":1757131159583,"action":"IDE_DEACTIVATED"}
{"ts":1757131161721,"action":"IDE_ACTIVATED"}
{"ts":1757131171467,"action":"IDE_DEACTIVATED"}
{"ts":1757131174012,"action":"IDE_ACTIVATED"}
{"ts":1757131176920,"action":"PROJECT_CLOSED","tags":{"PROJECT_NAME":"bilibili-dideng"}}
{"ts":1757131204292,"action":"FILE_OPENED","file":"/API/info.json","tags":{"FILE_LINE_OF_CODE":"127"}}
{"ts":1757131204815,"action":"PROJECT_OPENED","tags":{"PROJECT_NAME":"bilibili-dideng"}}
{"ts":1757131214990,"action":"IDE_DEACTIVATED"}
{"ts":1757131215125,"action":"PROJECT_CLOSED","tags":{"PROJECT_NAME":"bilibili-dideng"}}
{"ts":1757135553491,"action":"FILE_OPENED","file":"/API/info.json","tags":{"FILE_LINE_OF_CODE":"127"}}
{"ts":1757135553775,"action":"PROJECT_OPENED","tags":{"PROJECT_NAME":"bilibili-dideng"}}
{"ts":1757135566032,"action":"FILE_CLOSED","file":"/API/info.json","tags":{"FILE_LINE_OF_CODE":"127"}}
{"ts":1757135566716,"action":"PROJECT_CLOSED","tags":{"PROJECT_NAME":"bilibili-dideng"}}
{"ts":1759404209609,"action":"PROJECT_OPENED","tags":{"PROJECT_NAME":"bilibili-dideng"}}
{"ts":1759404217746,"action":"FILE_OPENED","file":"/blog/index.html","tags":{"FILE_LINE_OF_CODE":"430"}}
{"ts":1759404227183,"action":"FILE_CLOSED","file":"/blog/index.html","tags":{"FILE_LINE_OF_CODE":"430"}}
{"ts":1759404227183,"action":"FILE_OPENED","file":"/API/info.json","tags":{"FILE_LINE_OF_CODE":"127"}}
{"ts":1759404228159,"action":"FILE_CLOSED","file":"/API/info.json","tags":{"FILE_LINE_OF_CODE":"127"}}
{"ts":1759404228159,"action":"FILE_OPENED","file":"/API/cpas.json5","tags":{"FILE_LINE_OF_CODE":"0"}}
{"ts":1759404230489,"action":"FILE_OPENED","file":"/API/info.json","tags":{"FILE_LINE_OF_CODE":"127"}}
{"ts":1759404240817,"action":"FILE_CLOSED","file":"/API/info.json","tags":{"FILE_LINE_OF_CODE":"127"}}
{"ts":1759404258399,"action":"IDE_DEACTIVATED"}
{"ts":1759404260794,"action":"IDE_ACTIVATED"}
{"ts":1759404261842,"action":"IDE_DEACTIVATED"}
{"ts":1759404262244,"action":"IDE_ACTIVATED"}
